INFO    : PreTeXt project found in `/Users/seanlaverty/GitHub/TPMS`.
WARNING : Using CLI version 2.0.3 but project's `requirements.txt`
WARNING : is configured to use 1.7.5. Consider either installing
WARNING : CLI version 1.7.5 or running `pretext init --refresh`
WARNING : to update `requirements.txt` to match 2.0.3.
INFO    : Since no target was supplied, we will use "web".

INFO    : Preparing to build into /Users/seanlaverty/GitHub/TPMS/output/web.
INFO    : discovering source file's directory name: /Users/seanlaverty/GitHub/TPMS/source
INFO    : verifying and expanding input directory: /Users/seanlaverty/GitHub/TPMS/source/../generated-assets
INFO    : input directory expanded to absolute path: /Users/seanlaverty/GitHub/TPMS/generated-assets
INFO    : verifying and expanding input directory: /Users/seanlaverty/GitHub/TPMS/source/../assets
INFO    : input directory expanded to absolute path: /Users/seanlaverty/GitHub/TPMS/assets
INFO    : Runestone Services (via PreTeXt repository): version 7.1.2
INFO    : Runestone Services (using newer, via online CDN query): version 7.1.7
INFO    : converting /Users/seanlaverty/GitHub/TPMS/source/main.ptx to HTML in /var/folders/cv/57f7pbds3y7_pq476q9b438r0000gn/T/tmpoju5pb88
INFO    : XSL conversion of /Users/seanlaverty/GitHub/TPMS/source/main.ptx by /Users/seanlaverty/.ptx/xsl/pretext-html.xsl
INFO    : comprehensive messages, warnings, and errors:
INFO    :     * PTX:ERROR: the @xml:id value "r-data-preview" should be unique, but is authored 2 times.
INFO    :     *            Results will be unpredictable, and likely incorrect.  Information on the locations follows:
INFO    :     *              located within: "r-data-preview" (xml:id), "Preview" (title)
INFO    :     *              located within: "r-data-preview" (xml:id), "Preview" (title)
INFO    :     * PTX:ERROR: the @xml:id value "r-data-review" should be unique, but is authored 2 times.
INFO    :     *            Results will be unpredictable, and likely incorrect.  Information on the locations follows:
INFO    :     *              located within: "r-data-review" (xml:id), "Review" (title)
INFO    :     *              located within: "r-data-review" (xml:id), "Review" (title)
INFO    :     * PTX:ERROR: the @xml:id value "r-data-student-perspective" should be unique, but is authored 2 times.
INFO    :     *            Results will be unpredictable, and likely incorrect.  Information on the locations follows:
INFO    :     *              located within: "r-data-student-perspective" (xml:id), "Student perspective" (title)
INFO    :     *              located within: "r-data-student-perspective" (xml:id), "Student perspective" (title)
INFO    : successful application of /Users/seanlaverty/.ptx/xsl/pretext-html.xsl
INFO    : 
Success! Run `pretext view` to see the results.

