INFO    : PreTeXt project found in `/Users/slaverty/GitHub/TPMS`.
WARNING : Using CLI version 2.0.3 but project's `requirements.txt`
WARNING : is configured to use 1.7.5. Consider either installing
WARNING : CLI version 1.7.5 or running `pretext init --refresh`
WARNING : to update `requirements.txt` to match 2.0.3.
INFO    : Since no target was supplied, we will use "web".

INFO    : Staging latest build located in `/Users/slaverty/GitHub/TPMS/output/web` at `/Users/slaverty/GitHub/TPMS/output/stage`.
INFO    : 
INFO    : Deployment is now staged at `/Users/slaverty/GitHub/TPMS/output/stage`.
INFO    : Preparing to deploy from active `main` git branch.
INFO    : 
INFO    : Changes to project source since last commit detected.
INFO    : Add/committing these changes to local Git repository.
INFO    : 
INFO    : Committing your latest build to the `gh-pages` branch.
INFO    : 
INFO    : Attempting to connect to remote repository at `https://github.com/seanteachesmath/TPMS.git`...
INFO    : 
INFO    : 
INFO    : Latest build successfully pushed to GitHub!
INFO    : 
INFO    : To enable GitHub Pages, visit
INFO    :     https://github.com/seanteachesmath/TPMS/settings/pages
INFO    : selecting the `gh-pages` branch with the `/ (root)` folder.
INFO    : 
INFO    : Visit
INFO    :     https://github.com/seanteachesmath/TPMS/actions/
INFO    : to check on the status of your GitHub Pages deployment.
INFO    : 
INFO    : Your built project will soon be available to the public at:
INFO    :     https://seanteachesmath.github.io/TPMS/
